\BOOKMARK [0][-]{chapter.1}{\376\377\0001\000\040\000A\000A\000C}{}% 1
\BOOKMARK [1][-]{subsection.1.0.1}{\376\377\0001\000.\0000\000.\0001\000\040\000A\000s\000c\000i\000i\000\040\000A\000r\000t\000\040\000C\000o\000n\000v\000e\000r\000s\000i\000o\000n\000\040\000l\000i\000b\000r\000a\000r\000y}{chapter.1}% 2
\BOOKMARK [2][-]{subsection.1.0.2}{\376\377\0001\000.\0000\000.\0002\000\040\000D\000o\000c\000s}{subsection.1.0.1}% 3
\BOOKMARK [0][-]{chapter.2}{\376\377\0002\000\040\000N\000a\000m\000e\000s\000p\000a\000c\000e\000\040\000I\000n\000d\000e\000x}{}% 4
\BOOKMARK [1][-]{section.2.1}{\376\377\0002\000.\0001\000\040\000N\000a\000m\000e\000s\000p\000a\000c\000e\000\040\000L\000i\000s\000t}{chapter.2}% 5
\BOOKMARK [0][-]{chapter.3}{\376\377\0003\000\040\000H\000i\000e\000r\000a\000r\000c\000h\000i\000c\000a\000l\000\040\000I\000n\000d\000e\000x}{}% 6
\BOOKMARK [1][-]{section.3.1}{\376\377\0003\000.\0001\000\040\000C\000l\000a\000s\000s\000\040\000H\000i\000e\000r\000a\000r\000c\000h\000y}{chapter.3}% 7
\BOOKMARK [0][-]{chapter.4}{\376\377\0004\000\040\000C\000l\000a\000s\000s\000\040\000I\000n\000d\000e\000x}{}% 8
\BOOKMARK [1][-]{section.4.1}{\376\377\0004\000.\0001\000\040\000C\000l\000a\000s\000s\000\040\000L\000i\000s\000t}{chapter.4}% 9
\BOOKMARK [0][-]{chapter.5}{\376\377\0005\000\040\000F\000i\000l\000e\000\040\000I\000n\000d\000e\000x}{}% 10
\BOOKMARK [1][-]{section.5.1}{\376\377\0005\000.\0001\000\040\000F\000i\000l\000e\000\040\000L\000i\000s\000t}{chapter.5}% 11
\BOOKMARK [0][-]{chapter.6}{\376\377\0006\000\040\000N\000a\000m\000e\000s\000p\000a\000c\000e\000\040\000D\000o\000c\000u\000m\000e\000n\000t\000a\000t\000i\000o\000n}{}% 12
\BOOKMARK [1][-]{section.6.1}{\376\377\0006\000.\0001\000\040\000A\000A\000C\000\040\000N\000a\000m\000e\000s\000p\000a\000c\000e\000\040\000R\000e\000f\000e\000r\000e\000n\000c\000e}{chapter.6}% 13
\BOOKMARK [2][-]{subsection.6.1.1}{\376\377\0006\000.\0001\000.\0001\000\040\000D\000e\000t\000a\000i\000l\000e\000d\000\040\000D\000e\000s\000c\000r\000i\000p\000t\000i\000o\000n}{section.6.1}% 14
\BOOKMARK [2][-]{subsection.6.1.2}{\376\377\0006\000.\0001\000.\0002\000\040\000F\000u\000n\000c\000t\000i\000o\000n\000\040\000D\000o\000c\000u\000m\000e\000n\000t\000a\000t\000i\000o\000n}{section.6.1}% 15
\BOOKMARK [3][-]{subsubsection.6.1.2.1}{\376\377\0006\000.\0001\000.\0002\000.\0001\000\040\000c\000l\000e\000a\000r\000\137\000e\000r\000r\000o\000r\000\137\000c\000o\000d\000e\000\050\000\051}{subsection.6.1.2}% 16
\BOOKMARK [3][-]{subsubsection.6.1.2.2}{\376\377\0006\000.\0001\000.\0002\000.\0002\000\040\000g\000e\000t\000\137\000e\000r\000r\000o\000r\000\137\000c\000o\000d\000e\000\050\000\051}{subsection.6.1.2}% 17
\BOOKMARK [3][-]{subsubsection.6.1.2.3}{\376\377\0006\000.\0001\000.\0002\000.\0003\000\040\000m\000a\000k\000e\000\137\000e\000r\000r\000o\000r\000\137\000c\000o\000d\000e\000\050\000\051}{subsection.6.1.2}% 18
\BOOKMARK [3][-]{subsubsection.6.1.2.4}{\376\377\0006\000.\0001\000.\0002\000.\0004\000\040\000O\000p\000e\000n\000I\000m\000a\000g\000e\000\050\000\051}{subsection.6.1.2}% 19
\BOOKMARK [3][-]{subsubsection.6.1.2.5}{\376\377\0006\000.\0001\000.\0002\000.\0005\000\040\000s\000e\000t\000\137\000e\000r\000r\000o\000r\000\137\000c\000o\000d\000e\000\050\000\051}{subsection.6.1.2}% 20
\BOOKMARK [0][-]{chapter.7}{\376\377\0007\000\040\000C\000l\000a\000s\000s\000\040\000D\000o\000c\000u\000m\000e\000n\000t\000a\000t\000i\000o\000n}{}% 21
\BOOKMARK [1][-]{section.7.1}{\376\377\0007\000.\0001\000\040\000A\000A\000C\000:\000:\000B\000C\000\137\000S\000i\000m\000p\000l\000e\000\040\000C\000l\000a\000s\000s\000\040\000R\000e\000f\000e\000r\000e\000n\000c\000e}{chapter.7}% 22
\BOOKMARK [2][-]{subsection.7.1.1}{\376\377\0007\000.\0001\000.\0001\000\040\000D\000e\000t\000a\000i\000l\000e\000d\000\040\000D\000e\000s\000c\000r\000i\000p\000t\000i\000o\000n}{section.7.1}% 23
\BOOKMARK [2][-]{subsection.7.1.2}{\376\377\0007\000.\0001\000.\0002\000\040\000C\000o\000n\000s\000t\000r\000u\000c\000t\000o\000r\000\040\000\046\000\040\000D\000e\000s\000t\000r\000u\000c\000t\000o\000r\000\040\000D\000o\000c\000u\000m\000e\000n\000t\000a\000t\000i\000o\000n}{section.7.1}% 24
\BOOKMARK [3][-]{subsubsection.7.1.2.1}{\376\377\0007\000.\0001\000.\0002\000.\0001\000\040\000B\000C\000\137\000S\000i\000m\000p\000l\000e\000\050\000\051\000\040\000[\0001\000/\0002\000]}{subsection.7.1.2}% 25
\BOOKMARK [3][-]{subsubsection.7.1.2.2}{\376\377\0007\000.\0001\000.\0002\000.\0002\000\040\000B\000C\000\137\000S\000i\000m\000p\000l\000e\000\050\000\051\000\040\000[\0002\000/\0002\000]}{subsection.7.1.2}% 26
\BOOKMARK [2][-]{subsection.7.1.3}{\376\377\0007\000.\0001\000.\0003\000\040\000M\000e\000m\000b\000e\000r\000\040\000F\000u\000n\000c\000t\000i\000o\000n\000\040\000D\000o\000c\000u\000m\000e\000n\000t\000a\000t\000i\000o\000n}{section.7.1}% 27
\BOOKMARK [3][-]{subsubsection.7.1.3.1}{\376\377\0007\000.\0001\000.\0003\000.\0001\000\040\000c\000o\000n\000v\000e\000r\000t\000\050\000\051}{subsection.7.1.3}% 28
\BOOKMARK [1][-]{section.7.2}{\376\377\0007\000.\0002\000\040\000A\000A\000C\000:\000:\000B\000r\000i\000g\000h\000t\000n\000e\000s\000s\000C\000o\000n\000v\000e\000r\000t\000e\000r\000\040\000C\000l\000a\000s\000s\000\040\000R\000e\000f\000e\000r\000e\000n\000c\000e}{chapter.7}% 29
\BOOKMARK [2][-]{subsection.7.2.1}{\376\377\0007\000.\0002\000.\0001\000\040\000D\000e\000t\000a\000i\000l\000e\000d\000\040\000D\000e\000s\000c\000r\000i\000p\000t\000i\000o\000n}{section.7.2}% 30
\BOOKMARK [2][-]{subsection.7.2.2}{\376\377\0007\000.\0002\000.\0002\000\040\000M\000e\000m\000b\000e\000r\000\040\000F\000u\000n\000c\000t\000i\000o\000n\000\040\000D\000o\000c\000u\000m\000e\000n\000t\000a\000t\000i\000o\000n}{section.7.2}% 31
\BOOKMARK [3][-]{subsubsection.7.2.2.1}{\376\377\0007\000.\0002\000.\0002\000.\0001\000\040\000c\000o\000n\000v\000e\000r\000t\000\050\000\051}{subsection.7.2.2}% 32
\BOOKMARK [1][-]{section.7.3}{\376\377\0007\000.\0003\000\040\000A\000A\000C\000:\000:\000C\000C\000\137\000B\000r\000a\000i\000l\000e\000\040\000C\000l\000a\000s\000s\000\040\000R\000e\000f\000e\000r\000e\000n\000c\000e}{chapter.7}% 33
\BOOKMARK [2][-]{subsection.7.3.1}{\376\377\0007\000.\0003\000.\0001\000\040\000D\000e\000t\000a\000i\000l\000e\000d\000\040\000D\000e\000s\000c\000r\000i\000p\000t\000i\000o\000n}{section.7.3}% 34
\BOOKMARK [2][-]{subsection.7.3.2}{\376\377\0007\000.\0003\000.\0002\000\040\000C\000o\000n\000s\000t\000r\000u\000c\000t\000o\000r\000\040\000\046\000\040\000D\000e\000s\000t\000r\000u\000c\000t\000o\000r\000\040\000D\000o\000c\000u\000m\000e\000n\000t\000a\000t\000i\000o\000n}{section.7.3}% 35
\BOOKMARK [3][-]{subsubsection.7.3.2.1}{\376\377\0007\000.\0003\000.\0002\000.\0001\000\040\000C\000C\000\137\000B\000r\000a\000i\000l\000e\000\050\000\051}{subsection.7.3.2}% 36
\BOOKMARK [2][-]{subsection.7.3.3}{\376\377\0007\000.\0003\000.\0003\000\040\000M\000e\000m\000b\000e\000r\000\040\000F\000u\000n\000c\000t\000i\000o\000n\000\040\000D\000o\000c\000u\000m\000e\000n\000t\000a\000t\000i\000o\000n}{section.7.3}% 37
\BOOKMARK [3][-]{subsubsection.7.3.3.1}{\376\377\0007\000.\0003\000.\0003\000.\0001\000\040\000c\000o\000n\000v\000e\000r\000t\000\050\000\051}{subsection.7.3.3}% 38
\BOOKMARK [1][-]{section.7.4}{\376\377\0007\000.\0004\000\040\000A\000A\000C\000:\000:\000C\000C\000\137\000S\000i\000m\000p\000l\000e\000\040\000C\000l\000a\000s\000s\000\040\000R\000e\000f\000e\000r\000e\000n\000c\000e}{chapter.7}% 39
\BOOKMARK [2][-]{subsection.7.4.1}{\376\377\0007\000.\0004\000.\0001\000\040\000D\000e\000t\000a\000i\000l\000e\000d\000\040\000D\000e\000s\000c\000r\000i\000p\000t\000i\000o\000n}{section.7.4}% 40
\BOOKMARK [2][-]{subsection.7.4.2}{\376\377\0007\000.\0004\000.\0002\000\040\000C\000o\000n\000s\000t\000r\000u\000c\000t\000o\000r\000\040\000\046\000\040\000D\000e\000s\000t\000r\000u\000c\000t\000o\000r\000\040\000D\000o\000c\000u\000m\000e\000n\000t\000a\000t\000i\000o\000n}{section.7.4}% 41
\BOOKMARK [3][-]{subsubsection.7.4.2.1}{\376\377\0007\000.\0004\000.\0002\000.\0001\000\040\000C\000C\000\137\000S\000i\000m\000p\000l\000e\000\050\000\051}{subsection.7.4.2}% 42
\BOOKMARK [2][-]{subsection.7.4.3}{\376\377\0007\000.\0004\000.\0003\000\040\000M\000e\000m\000b\000e\000r\000\040\000F\000u\000n\000c\000t\000i\000o\000n\000\040\000D\000o\000c\000u\000m\000e\000n\000t\000a\000t\000i\000o\000n}{section.7.4}% 43
\BOOKMARK [3][-]{subsubsection.7.4.3.1}{\376\377\0007\000.\0004\000.\0003\000.\0001\000\040\000c\000o\000n\000v\000e\000r\000t\000\050\000\051}{subsection.7.4.3}% 44
\BOOKMARK [1][-]{section.7.5}{\376\377\0007\000.\0005\000\040\000A\000A\000C\000:\000:\000C\000h\000u\000n\000k\000\040\000C\000l\000a\000s\000s\000\040\000R\000e\000f\000e\000r\000e\000n\000c\000e}{chapter.7}% 45
\BOOKMARK [2][-]{subsection.7.5.1}{\376\377\0007\000.\0005\000.\0001\000\040\000D\000e\000t\000a\000i\000l\000e\000d\000\040\000D\000e\000s\000c\000r\000i\000p\000t\000i\000o\000n}{section.7.5}% 46
\BOOKMARK [2][-]{subsection.7.5.2}{\376\377\0007\000.\0005\000.\0002\000\040\000C\000o\000n\000s\000t\000r\000u\000c\000t\000o\000r\000\040\000\046\000\040\000D\000e\000s\000t\000r\000u\000c\000t\000o\000r\000\040\000D\000o\000c\000u\000m\000e\000n\000t\000a\000t\000i\000o\000n}{section.7.5}% 47
\BOOKMARK [3][-]{subsubsection.7.5.2.1}{\376\377\0007\000.\0005\000.\0002\000.\0001\000\040\000C\000h\000u\000n\000k\000\050\000\051\000\040\000[\0001\000/\0002\000]}{subsection.7.5.2}% 48
\BOOKMARK [3][-]{subsubsection.7.5.2.2}{\376\377\0007\000.\0005\000.\0002\000.\0002\000\040\000C\000h\000u\000n\000k\000\050\000\051\000\040\000[\0002\000/\0002\000]}{subsection.7.5.2}% 49
\BOOKMARK [2][-]{subsection.7.5.3}{\376\377\0007\000.\0005\000.\0003\000\040\000M\000e\000m\000b\000e\000r\000\040\000F\000u\000n\000c\000t\000i\000o\000n\000\040\000D\000o\000c\000u\000m\000e\000n\000t\000a\000t\000i\000o\000n}{section.7.5}% 50
\BOOKMARK [3][-]{subsubsection.7.5.3.1}{\376\377\0007\000.\0005\000.\0003\000.\0001\000\040\000G\000e\000t\000D\000a\000t\000a\000\050\000\051}{subsection.7.5.3}% 51
\BOOKMARK [3][-]{subsubsection.7.5.3.2}{\376\377\0007\000.\0005\000.\0003\000.\0002\000\040\000G\000e\000t\000X\000E\000n\000d\000\050\000\051}{subsection.7.5.3}% 52
\BOOKMARK [3][-]{subsubsection.7.5.3.3}{\376\377\0007\000.\0005\000.\0003\000.\0003\000\040\000G\000e\000t\000X\000S\000t\000a\000r\000t\000\050\000\051}{subsection.7.5.3}% 53
\BOOKMARK [3][-]{subsubsection.7.5.3.4}{\376\377\0007\000.\0005\000.\0003\000.\0004\000\040\000G\000e\000t\000Y\000E\000n\000d\000\050\000\051}{subsection.7.5.3}% 54
\BOOKMARK [3][-]{subsubsection.7.5.3.5}{\376\377\0007\000.\0005\000.\0003\000.\0005\000\040\000G\000e\000t\000Y\000S\000t\000a\000r\000t\000\050\000\051}{subsection.7.5.3}% 55
\BOOKMARK [3][-]{subsubsection.7.5.3.6}{\376\377\0007\000.\0005\000.\0003\000.\0006\000\040\000S\000e\000t\000C\000h\000u\000n\000k\000\050\000\051}{subsection.7.5.3}% 56
\BOOKMARK [1][-]{section.7.6}{\376\377\0007\000.\0006\000\040\000A\000A\000C\000:\000:\000C\000h\000u\000n\000k\000C\000o\000n\000v\000e\000r\000t\000e\000r\000\040\000C\000l\000a\000s\000s\000\040\000R\000e\000f\000e\000r\000e\000n\000c\000e}{chapter.7}% 57
\BOOKMARK [2][-]{subsection.7.6.1}{\376\377\0007\000.\0006\000.\0001\000\040\000D\000e\000t\000a\000i\000l\000e\000d\000\040\000D\000e\000s\000c\000r\000i\000p\000t\000i\000o\000n}{section.7.6}% 58
\BOOKMARK [2][-]{subsection.7.6.2}{\376\377\0007\000.\0006\000.\0002\000\040\000M\000e\000m\000b\000e\000r\000\040\000F\000u\000n\000c\000t\000i\000o\000n\000\040\000D\000o\000c\000u\000m\000e\000n\000t\000a\000t\000i\000o\000n}{section.7.6}% 59
\BOOKMARK [3][-]{subsubsection.7.6.2.1}{\376\377\0007\000.\0006\000.\0002\000.\0001\000\040\000c\000o\000n\000v\000e\000r\000t\000\050\000\051}{subsection.7.6.2}% 60
\BOOKMARK [1][-]{section.7.7}{\376\377\0007\000.\0007\000\040\000A\000A\000C\000:\000:\000C\000o\000n\000v\000e\000r\000t\000e\000r\000\040\000C\000l\000a\000s\000s\000\040\000R\000e\000f\000e\000r\000e\000n\000c\000e}{chapter.7}% 61
\BOOKMARK [2][-]{subsection.7.7.1}{\376\377\0007\000.\0007\000.\0001\000\040\000D\000e\000t\000a\000i\000l\000e\000d\000\040\000D\000e\000s\000c\000r\000i\000p\000t\000i\000o\000n}{section.7.7}% 62
\BOOKMARK [2][-]{subsection.7.7.2}{\376\377\0007\000.\0007\000.\0002\000\040\000C\000o\000n\000s\000t\000r\000u\000c\000t\000o\000r\000\040\000\046\000\040\000D\000e\000s\000t\000r\000u\000c\000t\000o\000r\000\040\000D\000o\000c\000u\000m\000e\000n\000t\000a\000t\000i\000o\000n}{section.7.7}% 63
\BOOKMARK [3][-]{subsubsection.7.7.2.1}{\376\377\0007\000.\0007\000.\0002\000.\0001\000\040\000C\000o\000n\000v\000e\000r\000t\000e\000r\000\050\000\051}{subsection.7.7.2}% 64
\BOOKMARK [2][-]{subsection.7.7.3}{\376\377\0007\000.\0007\000.\0003\000\040\000M\000e\000m\000b\000e\000r\000\040\000F\000u\000n\000c\000t\000i\000o\000n\000\040\000D\000o\000c\000u\000m\000e\000n\000t\000a\000t\000i\000o\000n}{section.7.7}% 65
\BOOKMARK [3][-]{subsubsection.7.7.3.1}{\376\377\0007\000.\0007\000.\0003\000.\0001\000\040\000C\000r\000e\000a\000t\000e\000A\000r\000t\000\050\000\051}{subsection.7.7.3}% 66
\BOOKMARK [1][-]{section.7.8}{\376\377\0007\000.\0008\000\040\000A\000A\000C\000:\000:\000e\000r\000r\000o\000r\000\137\000c\000a\000t\000e\000g\000o\000r\000y\000\040\000C\000l\000a\000s\000s\000\040\000R\000e\000f\000e\000r\000e\000n\000c\000e}{chapter.7}% 67
\BOOKMARK [2][-]{subsection.7.8.1}{\376\377\0007\000.\0008\000.\0001\000\040\000D\000e\000t\000a\000i\000l\000e\000d\000\040\000D\000e\000s\000c\000r\000i\000p\000t\000i\000o\000n}{section.7.8}% 68
\BOOKMARK [2][-]{subsection.7.8.2}{\376\377\0007\000.\0008\000.\0002\000\040\000M\000e\000m\000b\000e\000r\000\040\000F\000u\000n\000c\000t\000i\000o\000n\000\040\000D\000o\000c\000u\000m\000e\000n\000t\000a\000t\000i\000o\000n}{section.7.8}% 69
\BOOKMARK [3][-]{subsubsection.7.8.2.1}{\376\377\0007\000.\0008\000.\0002\000.\0001\000\040\000m\000e\000s\000s\000a\000g\000e\000\050\000\051}{subsection.7.8.2}% 70
\BOOKMARK [3][-]{subsubsection.7.8.2.2}{\376\377\0007\000.\0008\000.\0002\000.\0002\000\040\000n\000a\000m\000e\000\050\000\051}{subsection.7.8.2}% 71
\BOOKMARK [1][-]{section.7.9}{\376\377\0007\000.\0009\000\040\000A\000A\000C\000:\000:\000I\000m\000a\000g\000e\000\040\000C\000l\000a\000s\000s\000\040\000R\000e\000f\000e\000r\000e\000n\000c\000e}{chapter.7}% 72
\BOOKMARK [2][-]{subsection.7.9.1}{\376\377\0007\000.\0009\000.\0001\000\040\000D\000e\000t\000a\000i\000l\000e\000d\000\040\000D\000e\000s\000c\000r\000i\000p\000t\000i\000o\000n}{section.7.9}% 73
\BOOKMARK [2][-]{subsection.7.9.2}{\376\377\0007\000.\0009\000.\0002\000\040\000C\000o\000n\000s\000t\000r\000u\000c\000t\000o\000r\000\040\000\046\000\040\000D\000e\000s\000t\000r\000u\000c\000t\000o\000r\000\040\000D\000o\000c\000u\000m\000e\000n\000t\000a\000t\000i\000o\000n}{section.7.9}% 74
\BOOKMARK [3][-]{subsubsection.7.9.2.1}{\376\377\0007\000.\0009\000.\0002\000.\0001\000\040\000I\000m\000a\000g\000e\000\050\000\051}{subsection.7.9.2}% 75
\BOOKMARK [3][-]{subsubsection.7.9.2.2}{\376\377\0007\000.\0009\000.\0002\000.\0002\000\040\000\040\000I\000m\000a\000g\000e\000\050\000\051}{subsection.7.9.2}% 76
\BOOKMARK [2][-]{subsection.7.9.3}{\376\377\0007\000.\0009\000.\0003\000\040\000M\000e\000m\000b\000e\000r\000\040\000F\000u\000n\000c\000t\000i\000o\000n\000\040\000D\000o\000c\000u\000m\000e\000n\000t\000a\000t\000i\000o\000n}{section.7.9}% 77
\BOOKMARK [3][-]{subsubsection.7.9.3.1}{\376\377\0007\000.\0009\000.\0003\000.\0001\000\040\000G\000e\000t\000M\000a\000t\000r\000i\000x\000\050\000\051}{subsection.7.9.3}% 78
\BOOKMARK [2][-]{subsection.7.9.4}{\376\377\0007\000.\0009\000.\0004\000\040\000M\000e\000m\000b\000e\000r\000\040\000D\000a\000t\000a\000\040\000D\000o\000c\000u\000m\000e\000n\000t\000a\000t\000i\000o\000n}{section.7.9}% 79
\BOOKMARK [3][-]{subsubsection.7.9.4.1}{\376\377\0007\000.\0009\000.\0004\000.\0001\000\040\000p\000i\000x\000e\000l\000\137\000t\000y\000p\000e}{subsection.7.9.4}% 80
\BOOKMARK [3][-]{subsubsection.7.9.4.2}{\376\377\0007\000.\0009\000.\0004\000.\0002\000\040\000s\000i\000z\000e\000\137\000x}{subsection.7.9.4}% 81
\BOOKMARK [3][-]{subsubsection.7.9.4.3}{\376\377\0007\000.\0009\000.\0004\000.\0003\000\040\000s\000i\000z\000e\000\137\000y}{subsection.7.9.4}% 82
\BOOKMARK [1][-]{section.7.10}{\376\377\0007\000.\0001\0000\000\040\000A\000A\000C\000:\000:\000M\000a\000t\000r\000i\000x\000<\000\040\000T\000\040\000>\000\040\000C\000l\000a\000s\000s\000\040\000T\000e\000m\000p\000l\000a\000t\000e\000\040\000R\000e\000f\000e\000r\000e\000n\000c\000e}{chapter.7}% 83
\BOOKMARK [2][-]{subsection.7.10.1}{\376\377\0007\000.\0001\0000\000.\0001\000\040\000D\000e\000t\000a\000i\000l\000e\000d\000\040\000D\000e\000s\000c\000r\000i\000p\000t\000i\000o\000n}{section.7.10}% 84
\BOOKMARK [2][-]{subsection.7.10.2}{\376\377\0007\000.\0001\0000\000.\0002\000\040\000C\000o\000n\000s\000t\000r\000u\000c\000t\000o\000r\000\040\000\046\000\040\000D\000e\000s\000t\000r\000u\000c\000t\000o\000r\000\040\000D\000o\000c\000u\000m\000e\000n\000t\000a\000t\000i\000o\000n}{section.7.10}% 85
\BOOKMARK [3][-]{subsubsection.7.10.2.1}{\376\377\0007\000.\0001\0000\000.\0002\000.\0001\000\040\000M\000a\000t\000r\000i\000x\000\050\000\051}{subsection.7.10.2}% 86
\BOOKMARK [3][-]{subsubsection.7.10.2.2}{\376\377\0007\000.\0001\0000\000.\0002\000.\0002\000\040\000\040\000M\000a\000t\000r\000i\000x\000\050\000\051}{subsection.7.10.2}% 87
\BOOKMARK [2][-]{subsection.7.10.3}{\376\377\0007\000.\0001\0000\000.\0003\000\040\000M\000e\000m\000b\000e\000r\000\040\000F\000u\000n\000c\000t\000i\000o\000n\000\040\000D\000o\000c\000u\000m\000e\000n\000t\000a\000t\000i\000o\000n}{section.7.10}% 88
\BOOKMARK [3][-]{subsubsection.7.10.3.1}{\376\377\0007\000.\0001\0000\000.\0003\000.\0001\000\040\000G\000e\000t\000E\000l\000e\000m\000e\000n\000t\000\050\000\051}{subsection.7.10.3}% 89
\BOOKMARK [3][-]{subsubsection.7.10.3.2}{\376\377\0007\000.\0001\0000\000.\0003\000.\0002\000\040\000G\000e\000t\000E\000l\000e\000m\000e\000n\000t\000R\000e\000f\000e\000r\000e\000n\000c\000e\000\050\000\051}{subsection.7.10.3}% 90
\BOOKMARK [3][-]{subsubsection.7.10.3.3}{\376\377\0007\000.\0001\0000\000.\0003\000.\0003\000\040\000G\000e\000t\000X\000S\000i\000z\000e\000\050\000\051}{subsection.7.10.3}% 91
\BOOKMARK [3][-]{subsubsection.7.10.3.4}{\376\377\0007\000.\0001\0000\000.\0003\000.\0004\000\040\000G\000e\000t\000Y\000S\000i\000z\000e\000\050\000\051}{subsection.7.10.3}% 92
\BOOKMARK [1][-]{section.7.11}{\376\377\0007\000.\0001\0001\000\040\000A\000A\000C\000:\000:\000P\000i\000x\000e\000l\000<\000\040\000E\000\040\000>\000\040\000C\000l\000a\000s\000s\000\040\000T\000e\000m\000p\000l\000a\000t\000e\000\040\000R\000e\000f\000e\000r\000e\000n\000c\000e}{chapter.7}% 93
\BOOKMARK [2][-]{subsection.7.11.1}{\376\377\0007\000.\0001\0001\000.\0001\000\040\000D\000e\000t\000a\000i\000l\000e\000d\000\040\000D\000e\000s\000c\000r\000i\000p\000t\000i\000o\000n}{section.7.11}% 94
\BOOKMARK [1][-]{section.7.12}{\376\377\0007\000.\0001\0002\000\040\000A\000A\000C\000:\000:\000P\000i\000x\000e\000l\000<\000\040\000P\000i\000x\000e\000l\000\137\000T\000y\000p\000e\000:\000:\000E\000M\000P\000T\000Y\000\040\000>\000\040\000C\000l\000a\000s\000s\000\040\000R\000e\000f\000e\000r\000e\000n\000c\000e}{chapter.7}% 95
\BOOKMARK [2][-]{subsection.7.12.1}{\376\377\0007\000.\0001\0002\000.\0001\000\040\000D\000e\000t\000a\000i\000l\000e\000d\000\040\000D\000e\000s\000c\000r\000i\000p\000t\000i\000o\000n}{section.7.12}% 96
\BOOKMARK [2][-]{subsection.7.12.2}{\376\377\0007\000.\0001\0002\000.\0002\000\040\000C\000o\000n\000s\000t\000r\000u\000c\000t\000o\000r\000\040\000\046\000\040\000D\000e\000s\000t\000r\000u\000c\000t\000o\000r\000\040\000D\000o\000c\000u\000m\000e\000n\000t\000a\000t\000i\000o\000n}{section.7.12}% 97
\BOOKMARK [3][-]{subsubsection.7.12.2.1}{\376\377\0007\000.\0001\0002\000.\0002\000.\0001\000\040\000P\000i\000x\000e\000l\000\050\000\051}{subsection.7.12.2}% 98
\BOOKMARK [1][-]{section.7.13}{\376\377\0007\000.\0001\0003\000\040\000A\000A\000C\000:\000:\000P\000i\000x\000e\000l\000<\000\040\000P\000i\000x\000e\000l\000\137\000T\000y\000p\000e\000:\000:\000G\000\040\000>\000\040\000C\000l\000a\000s\000s\000\040\000R\000e\000f\000e\000r\000e\000n\000c\000e}{chapter.7}% 99
\BOOKMARK [2][-]{subsection.7.13.1}{\376\377\0007\000.\0001\0003\000.\0001\000\040\000D\000e\000t\000a\000i\000l\000e\000d\000\040\000D\000e\000s\000c\000r\000i\000p\000t\000i\000o\000n}{section.7.13}% 100
\BOOKMARK [2][-]{subsection.7.13.2}{\376\377\0007\000.\0001\0003\000.\0002\000\040\000C\000o\000n\000s\000t\000r\000u\000c\000t\000o\000r\000\040\000\046\000\040\000D\000e\000s\000t\000r\000u\000c\000t\000o\000r\000\040\000D\000o\000c\000u\000m\000e\000n\000t\000a\000t\000i\000o\000n}{section.7.13}% 101
\BOOKMARK [3][-]{subsubsection.7.13.2.1}{\376\377\0007\000.\0001\0003\000.\0002\000.\0001\000\040\000P\000i\000x\000e\000l\000\050\000\051\000\040\000[\0001\000/\0002\000]}{subsection.7.13.2}% 102
\BOOKMARK [3][-]{subsubsection.7.13.2.2}{\376\377\0007\000.\0001\0003\000.\0002\000.\0002\000\040\000P\000i\000x\000e\000l\000\050\000\051\000\040\000[\0002\000/\0002\000]}{subsection.7.13.2}% 103
\BOOKMARK [2][-]{subsection.7.13.3}{\376\377\0007\000.\0001\0003\000.\0003\000\040\000M\000e\000m\000b\000e\000r\000\040\000F\000u\000n\000c\000t\000i\000o\000n\000\040\000D\000o\000c\000u\000m\000e\000n\000t\000a\000t\000i\000o\000n}{section.7.13}% 104
\BOOKMARK [3][-]{subsubsection.7.13.3.1}{\376\377\0007\000.\0001\0003\000.\0003\000.\0001\000\040\000G\000e\000t\000P\000i\000x\000e\000l\000V\000a\000l\000u\000e\000s\000\050\000\051}{subsection.7.13.3}% 105
\BOOKMARK [3][-]{subsubsection.7.13.3.2}{\376\377\0007\000.\0001\0003\000.\0003\000.\0002\000\040\000S\000e\000t\000P\000i\000x\000e\000l\000V\000a\000l\000u\000e\000s\000\050\000\051}{subsection.7.13.3}% 106
\BOOKMARK [1][-]{section.7.14}{\376\377\0007\000.\0001\0004\000\040\000A\000A\000C\000:\000:\000P\000i\000x\000e\000l\000<\000\040\000P\000i\000x\000e\000l\000\137\000T\000y\000p\000e\000:\000:\000G\000A\000\040\000>\000\040\000C\000l\000a\000s\000s\000\040\000R\000e\000f\000e\000r\000e\000n\000c\000e}{chapter.7}% 107
\BOOKMARK [2][-]{subsection.7.14.1}{\376\377\0007\000.\0001\0004\000.\0001\000\040\000D\000e\000t\000a\000i\000l\000e\000d\000\040\000D\000e\000s\000c\000r\000i\000p\000t\000i\000o\000n}{section.7.14}% 108
\BOOKMARK [2][-]{subsection.7.14.2}{\376\377\0007\000.\0001\0004\000.\0002\000\040\000C\000o\000n\000s\000t\000r\000u\000c\000t\000o\000r\000\040\000\046\000\040\000D\000e\000s\000t\000r\000u\000c\000t\000o\000r\000\040\000D\000o\000c\000u\000m\000e\000n\000t\000a\000t\000i\000o\000n}{section.7.14}% 109
\BOOKMARK [3][-]{subsubsection.7.14.2.1}{\376\377\0007\000.\0001\0004\000.\0002\000.\0001\000\040\000P\000i\000x\000e\000l\000\050\000\051\000\040\000[\0001\000/\0002\000]}{subsection.7.14.2}% 110
\BOOKMARK [3][-]{subsubsection.7.14.2.2}{\376\377\0007\000.\0001\0004\000.\0002\000.\0002\000\040\000P\000i\000x\000e\000l\000\050\000\051\000\040\000[\0002\000/\0002\000]}{subsection.7.14.2}% 111
\BOOKMARK [2][-]{subsection.7.14.3}{\376\377\0007\000.\0001\0004\000.\0003\000\040\000M\000e\000m\000b\000e\000r\000\040\000F\000u\000n\000c\000t\000i\000o\000n\000\040\000D\000o\000c\000u\000m\000e\000n\000t\000a\000t\000i\000o\000n}{section.7.14}% 112
\BOOKMARK [3][-]{subsubsection.7.14.3.1}{\376\377\0007\000.\0001\0004\000.\0003\000.\0001\000\040\000G\000e\000t\000P\000i\000x\000e\000l\000V\000a\000l\000u\000e\000s\000\050\000\051}{subsection.7.14.3}% 113
\BOOKMARK [3][-]{subsubsection.7.14.3.2}{\376\377\0007\000.\0001\0004\000.\0003\000.\0002\000\040\000S\000e\000t\000P\000i\000x\000e\000l\000V\000a\000l\000u\000e\000s\000\050\000\051}{subsection.7.14.3}% 114
\BOOKMARK [1][-]{section.7.15}{\376\377\0007\000.\0001\0005\000\040\000A\000A\000C\000:\000:\000P\000i\000x\000e\000l\000<\000\040\000P\000i\000x\000e\000l\000\137\000T\000y\000p\000e\000:\000:\000R\000G\000B\000\040\000>\000\040\000C\000l\000a\000s\000s\000\040\000R\000e\000f\000e\000r\000e\000n\000c\000e}{chapter.7}% 115
\BOOKMARK [2][-]{subsection.7.15.1}{\376\377\0007\000.\0001\0005\000.\0001\000\040\000D\000e\000t\000a\000i\000l\000e\000d\000\040\000D\000e\000s\000c\000r\000i\000p\000t\000i\000o\000n}{section.7.15}% 116
\BOOKMARK [2][-]{subsection.7.15.2}{\376\377\0007\000.\0001\0005\000.\0002\000\040\000C\000o\000n\000s\000t\000r\000u\000c\000t\000o\000r\000\040\000\046\000\040\000D\000e\000s\000t\000r\000u\000c\000t\000o\000r\000\040\000D\000o\000c\000u\000m\000e\000n\000t\000a\000t\000i\000o\000n}{section.7.15}% 117
\BOOKMARK [3][-]{subsubsection.7.15.2.1}{\376\377\0007\000.\0001\0005\000.\0002\000.\0001\000\040\000P\000i\000x\000e\000l\000\050\000\051\000\040\000[\0001\000/\0002\000]}{subsection.7.15.2}% 118
\BOOKMARK [3][-]{subsubsection.7.15.2.2}{\376\377\0007\000.\0001\0005\000.\0002\000.\0002\000\040\000P\000i\000x\000e\000l\000\050\000\051\000\040\000[\0002\000/\0002\000]}{subsection.7.15.2}% 119
\BOOKMARK [2][-]{subsection.7.15.3}{\376\377\0007\000.\0001\0005\000.\0003\000\040\000M\000e\000m\000b\000e\000r\000\040\000F\000u\000n\000c\000t\000i\000o\000n\000\040\000D\000o\000c\000u\000m\000e\000n\000t\000a\000t\000i\000o\000n}{section.7.15}% 120
\BOOKMARK [3][-]{subsubsection.7.15.3.1}{\376\377\0007\000.\0001\0005\000.\0003\000.\0001\000\040\000G\000e\000t\000P\000i\000x\000e\000l\000V\000a\000l\000u\000e\000s\000\050\000\051}{subsection.7.15.3}% 121
\BOOKMARK [3][-]{subsubsection.7.15.3.2}{\376\377\0007\000.\0001\0005\000.\0003\000.\0002\000\040\000S\000e\000t\000P\000i\000x\000e\000l\000V\000a\000l\000u\000e\000s\000\050\000\051}{subsection.7.15.3}% 122
\BOOKMARK [1][-]{section.7.16}{\376\377\0007\000.\0001\0006\000\040\000A\000A\000C\000:\000:\000P\000i\000x\000e\000l\000<\000\040\000P\000i\000x\000e\000l\000\137\000T\000y\000p\000e\000:\000:\000R\000G\000B\000A\000\040\000>\000\040\000C\000l\000a\000s\000s\000\040\000R\000e\000f\000e\000r\000e\000n\000c\000e}{chapter.7}% 123
\BOOKMARK [2][-]{subsection.7.16.1}{\376\377\0007\000.\0001\0006\000.\0001\000\040\000D\000e\000t\000a\000i\000l\000e\000d\000\040\000D\000e\000s\000c\000r\000i\000p\000t\000i\000o\000n}{section.7.16}% 124
\BOOKMARK [2][-]{subsection.7.16.2}{\376\377\0007\000.\0001\0006\000.\0002\000\040\000C\000o\000n\000s\000t\000r\000u\000c\000t\000o\000r\000\040\000\046\000\040\000D\000e\000s\000t\000r\000u\000c\000t\000o\000r\000\040\000D\000o\000c\000u\000m\000e\000n\000t\000a\000t\000i\000o\000n}{section.7.16}% 125
\BOOKMARK [3][-]{subsubsection.7.16.2.1}{\376\377\0007\000.\0001\0006\000.\0002\000.\0001\000\040\000P\000i\000x\000e\000l\000\050\000\051\000\040\000[\0001\000/\0002\000]}{subsection.7.16.2}% 126
\BOOKMARK [3][-]{subsubsection.7.16.2.2}{\376\377\0007\000.\0001\0006\000.\0002\000.\0002\000\040\000P\000i\000x\000e\000l\000\050\000\051\000\040\000[\0002\000/\0002\000]}{subsection.7.16.2}% 127
\BOOKMARK [2][-]{subsection.7.16.3}{\376\377\0007\000.\0001\0006\000.\0003\000\040\000M\000e\000m\000b\000e\000r\000\040\000F\000u\000n\000c\000t\000i\000o\000n\000\040\000D\000o\000c\000u\000m\000e\000n\000t\000a\000t\000i\000o\000n}{section.7.16}% 128
\BOOKMARK [3][-]{subsubsection.7.16.3.1}{\376\377\0007\000.\0001\0006\000.\0003\000.\0001\000\040\000G\000e\000t\000P\000i\000x\000e\000l\000V\000a\000l\000u\000e\000s\000\050\000\051}{subsection.7.16.3}% 129
\BOOKMARK [3][-]{subsubsection.7.16.3.2}{\376\377\0007\000.\0001\0006\000.\0003\000.\0002\000\040\000S\000e\000t\000P\000i\000x\000e\000l\000V\000a\000l\000u\000e\000s\000\050\000\051}{subsection.7.16.3}% 130
\BOOKMARK [1][-]{section.7.17}{\376\377\0007\000.\0001\0007\000\040\000A\000A\000C\000:\000:\000P\000i\000x\000e\000l\000\137\000E\000M\000P\000T\000Y\000\040\000S\000t\000r\000u\000c\000t\000\040\000R\000e\000f\000e\000r\000e\000n\000c\000e}{chapter.7}% 131
\BOOKMARK [2][-]{subsection.7.17.1}{\376\377\0007\000.\0001\0007\000.\0001\000\040\000D\000e\000t\000a\000i\000l\000e\000d\000\040\000D\000e\000s\000c\000r\000i\000p\000t\000i\000o\000n}{section.7.17}% 132
\BOOKMARK [1][-]{section.7.18}{\376\377\0007\000.\0001\0008\000\040\000A\000A\000C\000:\000:\000P\000i\000x\000e\000l\000\137\000G\000\040\000S\000t\000r\000u\000c\000t\000\040\000R\000e\000f\000e\000r\000e\000n\000c\000e}{chapter.7}% 133
\BOOKMARK [2][-]{subsection.7.18.1}{\376\377\0007\000.\0001\0008\000.\0001\000\040\000D\000e\000t\000a\000i\000l\000e\000d\000\040\000D\000e\000s\000c\000r\000i\000p\000t\000i\000o\000n}{section.7.18}% 134
\BOOKMARK [2][-]{subsection.7.18.2}{\376\377\0007\000.\0001\0008\000.\0002\000\040\000M\000e\000m\000b\000e\000r\000\040\000D\000a\000t\000a\000\040\000D\000o\000c\000u\000m\000e\000n\000t\000a\000t\000i\000o\000n}{section.7.18}% 135
\BOOKMARK [3][-]{subsubsection.7.18.2.1}{\376\377\0007\000.\0001\0008\000.\0002\000.\0001\000\040\000g\000r\000e\000y}{subsection.7.18.2}% 136
\BOOKMARK [1][-]{section.7.19}{\376\377\0007\000.\0001\0009\000\040\000A\000A\000C\000:\000:\000P\000i\000x\000e\000l\000\137\000G\000A\000\040\000S\000t\000r\000u\000c\000t\000\040\000R\000e\000f\000e\000r\000e\000n\000c\000e}{chapter.7}% 137
\BOOKMARK [2][-]{subsection.7.19.1}{\376\377\0007\000.\0001\0009\000.\0001\000\040\000D\000e\000t\000a\000i\000l\000e\000d\000\040\000D\000e\000s\000c\000r\000i\000p\000t\000i\000o\000n}{section.7.19}% 138
\BOOKMARK [2][-]{subsection.7.19.2}{\376\377\0007\000.\0001\0009\000.\0002\000\040\000M\000e\000m\000b\000e\000r\000\040\000D\000a\000t\000a\000\040\000D\000o\000c\000u\000m\000e\000n\000t\000a\000t\000i\000o\000n}{section.7.19}% 139
\BOOKMARK [3][-]{subsubsection.7.19.2.1}{\376\377\0007\000.\0001\0009\000.\0002\000.\0001\000\040\000a\000l\000p\000h\000a}{subsection.7.19.2}% 140
\BOOKMARK [3][-]{subsubsection.7.19.2.2}{\376\377\0007\000.\0001\0009\000.\0002\000.\0002\000\040\000g\000r\000e\000y}{subsection.7.19.2}% 141
\BOOKMARK [1][-]{section.7.20}{\376\377\0007\000.\0002\0000\000\040\000A\000A\000C\000:\000:\000P\000i\000x\000e\000l\000\137\000R\000G\000B\000\040\000S\000t\000r\000u\000c\000t\000\040\000R\000e\000f\000e\000r\000e\000n\000c\000e}{chapter.7}% 142
\BOOKMARK [2][-]{subsection.7.20.1}{\376\377\0007\000.\0002\0000\000.\0001\000\040\000D\000e\000t\000a\000i\000l\000e\000d\000\040\000D\000e\000s\000c\000r\000i\000p\000t\000i\000o\000n}{section.7.20}% 143
\BOOKMARK [2][-]{subsection.7.20.2}{\376\377\0007\000.\0002\0000\000.\0002\000\040\000M\000e\000m\000b\000e\000r\000\040\000D\000a\000t\000a\000\040\000D\000o\000c\000u\000m\000e\000n\000t\000a\000t\000i\000o\000n}{section.7.20}% 144
\BOOKMARK [3][-]{subsubsection.7.20.2.1}{\376\377\0007\000.\0002\0000\000.\0002\000.\0001\000\040\000b\000l\000u\000e}{subsection.7.20.2}% 145
\BOOKMARK [3][-]{subsubsection.7.20.2.2}{\376\377\0007\000.\0002\0000\000.\0002\000.\0002\000\040\000g\000r\000e\000e\000n}{subsection.7.20.2}% 146
\BOOKMARK [3][-]{subsubsection.7.20.2.3}{\376\377\0007\000.\0002\0000\000.\0002\000.\0003\000\040\000r\000e\000d}{subsection.7.20.2}% 147
\BOOKMARK [1][-]{section.7.21}{\376\377\0007\000.\0002\0001\000\040\000A\000A\000C\000:\000:\000P\000i\000x\000e\000l\000\137\000R\000G\000B\000A\000\040\000S\000t\000r\000u\000c\000t\000\040\000R\000e\000f\000e\000r\000e\000n\000c\000e}{chapter.7}% 148
\BOOKMARK [2][-]{subsection.7.21.1}{\376\377\0007\000.\0002\0001\000.\0001\000\040\000D\000e\000t\000a\000i\000l\000e\000d\000\040\000D\000e\000s\000c\000r\000i\000p\000t\000i\000o\000n}{section.7.21}% 149
\BOOKMARK [2][-]{subsection.7.21.2}{\376\377\0007\000.\0002\0001\000.\0002\000\040\000M\000e\000m\000b\000e\000r\000\040\000D\000a\000t\000a\000\040\000D\000o\000c\000u\000m\000e\000n\000t\000a\000t\000i\000o\000n}{section.7.21}% 150
\BOOKMARK [3][-]{subsubsection.7.21.2.1}{\376\377\0007\000.\0002\0001\000.\0002\000.\0001\000\040\000a\000l\000p\000h\000a}{subsection.7.21.2}% 151
\BOOKMARK [3][-]{subsubsection.7.21.2.2}{\376\377\0007\000.\0002\0001\000.\0002\000.\0002\000\040\000b\000l\000u\000e}{subsection.7.21.2}% 152
\BOOKMARK [3][-]{subsubsection.7.21.2.3}{\376\377\0007\000.\0002\0001\000.\0002\000.\0003\000\040\000g\000r\000e\000e\000n}{subsection.7.21.2}% 153
\BOOKMARK [3][-]{subsubsection.7.21.2.4}{\376\377\0007\000.\0002\0001\000.\0002\000.\0004\000\040\000r\000e\000d}{subsection.7.21.2}% 154
\BOOKMARK [0][-]{chapter.8}{\376\377\0008\000\040\000F\000i\000l\000e\000\040\000D\000o\000c\000u\000m\000e\000n\000t\000a\000t\000i\000o\000n}{}% 155
\BOOKMARK [1][-]{section.8.1}{\376\377\0008\000.\0001\000\040\000/\000h\000o\000m\000e\000/\000p\000i\000o\000t\000r\000/\000s\000t\000d\000i\000a\000/\000A\000A\000C\000/\000A\000A\000C\000.\000c\000p\000p\000\040\000F\000i\000l\000e\000\040\000R\000e\000f\000e\000r\000e\000n\000c\000e}{chapter.8}% 156
\BOOKMARK [2][-]{subsection.8.1.1}{\376\377\0008\000.\0001\000.\0001\000\040\000D\000e\000t\000a\000i\000l\000e\000d\000\040\000D\000e\000s\000c\000r\000i\000p\000t\000i\000o\000n}{section.8.1}% 157
\BOOKMARK [2][-]{subsection.8.1.2}{\376\377\0008\000.\0001\000.\0002\000\040\000M\000a\000c\000r\000o\000\040\000D\000e\000f\000i\000n\000i\000t\000i\000o\000n\000\040\000D\000o\000c\000u\000m\000e\000n\000t\000a\000t\000i\000o\000n}{section.8.1}% 158
\BOOKMARK [3][-]{subsubsection.8.1.2.1}{\376\377\0008\000.\0001\000.\0002\000.\0001\000\040\000C\000U\000S\000T\000O\000M\000\137\000F\000O\000P\000E\000N\000\137\000L\000O\000A\000D}{subsection.8.1.2}% 159
\BOOKMARK [3][-]{subsubsection.8.1.2.2}{\376\377\0008\000.\0001\000.\0002\000.\0002\000\040\000S\000T\000B\000\137\000I\000M\000A\000G\000E\000\137\000I\000M\000P\000L\000E\000M\000E\000N\000T\000A\000T\000I\000O\000N}{subsection.8.1.2}% 160
\BOOKMARK [3][-]{subsubsection.8.1.2.3}{\376\377\0008\000.\0001\000.\0002\000.\0003\000\040\000S\000T\000B\000I\000\137\000F\000A\000I\000L\000U\000R\000E\000\137\000U\000S\000E\000R\000M\000S\000G}{subsection.8.1.2}% 161
\BOOKMARK [1][-]{section.8.2}{\376\377\0008\000.\0002\000\040\000/\000h\000o\000m\000e\000/\000p\000i\000o\000t\000r\000/\000s\000t\000d\000i\000a\000/\000A\000A\000C\000/\000A\000A\000C\000.\000h\000\040\000F\000i\000l\000e\000\040\000R\000e\000f\000e\000r\000e\000n\000c\000e}{chapter.8}% 162
\BOOKMARK [2][-]{subsection.8.2.1}{\376\377\0008\000.\0002\000.\0001\000\040\000D\000e\000t\000a\000i\000l\000e\000d\000\040\000D\000e\000s\000c\000r\000i\000p\000t\000i\000o\000n}{section.8.2}% 163
\BOOKMARK [2][-]{subsection.8.2.2}{\376\377\0008\000.\0002\000.\0002\000\040\000M\000a\000c\000r\000o\000\040\000D\000e\000f\000i\000n\000i\000t\000i\000o\000n\000\040\000D\000o\000c\000u\000m\000e\000n\000t\000a\000t\000i\000o\000n}{section.8.2}% 164
\BOOKMARK [3][-]{subsubsection.8.2.2.1}{\376\377\0008\000.\0002\000.\0002\000.\0001\000\040\000M\000A\000X\000\137\000S\000I\000Z\000E}{subsection.8.2.2}% 165
\BOOKMARK [1][-]{section.8.3}{\376\377\0008\000.\0003\000\040\000/\000h\000o\000m\000e\000/\000p\000i\000o\000t\000r\000/\000s\000t\000d\000i\000a\000/\000A\000A\000C\000/\000h\000e\000a\000d\000e\000r\000s\000/\000e\000n\000u\000m\000s\000.\000h\000\040\000F\000i\000l\000e\000\040\000R\000e\000f\000e\000r\000e\000n\000c\000e}{chapter.8}% 166
\BOOKMARK [1][-]{section.8.4}{\376\377\0008\000.\0004\000\040\000/\000h\000o\000m\000e\000/\000p\000i\000o\000t\000r\000/\000s\000t\000d\000i\000a\000/\000A\000A\000C\000/\000h\000e\000a\000d\000e\000r\000s\000/\000s\000t\000r\000u\000c\000t\000s\000.\000h\000\040\000F\000i\000l\000e\000\040\000R\000e\000f\000e\000r\000e\000n\000c\000e}{chapter.8}% 167
\BOOKMARK [1][-]{section.8.5}{\376\377\0008\000.\0005\000\040\000/\000h\000o\000m\000e\000/\000p\000i\000o\000t\000r\000/\000s\000t\000d\000i\000a\000/\000A\000A\000C\000/\000R\000E\000A\000D\000M\000E\000.\000m\000d\000\040\000F\000i\000l\000e\000\040\000R\000e\000f\000e\000r\000e\000n\000c\000e}{chapter.8}% 168
\BOOKMARK [1][-]{section.8.6}{\376\377\0008\000.\0006\000\040\000/\000h\000o\000m\000e\000/\000p\000i\000o\000t\000r\000/\000s\000t\000d\000i\000a\000/\000A\000A\000C\000/\000s\000o\000u\000r\000c\000e\000s\000/\000A\000A\000C\000\137\000b\000r\000i\000g\000h\000t\000n\000e\000s\000s\000\137\000c\000o\000n\000v\000e\000r\000t\000e\000r\000.\000c\000p\000p\000\040\000F\000i\000l\000e\000\040\000R\000e\000f\000e\000r\000e\000n\000c\000e}{chapter.8}% 169
\BOOKMARK [1][-]{section.8.7}{\376\377\0008\000.\0007\000\040\000/\000h\000o\000m\000e\000/\000p\000i\000o\000t\000r\000/\000s\000t\000d\000i\000a\000/\000A\000A\000C\000/\000s\000o\000u\000r\000c\000e\000s\000/\000A\000A\000C\000\137\000c\000h\000u\000n\000k\000.\000c\000p\000p\000\040\000F\000i\000l\000e\000\040\000R\000e\000f\000e\000r\000e\000n\000c\000e}{chapter.8}% 170
\BOOKMARK [2][-]{subsection.8.7.1}{\376\377\0008\000.\0007\000.\0001\000\040\000D\000e\000t\000a\000i\000l\000e\000d\000\040\000D\000e\000s\000c\000r\000i\000p\000t\000i\000o\000n}{section.8.7}% 171
\BOOKMARK [1][-]{section.8.8}{\376\377\0008\000.\0008\000\040\000/\000h\000o\000m\000e\000/\000p\000i\000o\000t\000r\000/\000s\000t\000d\000i\000a\000/\000A\000A\000C\000/\000s\000o\000u\000r\000c\000e\000s\000/\000A\000A\000C\000\137\000c\000h\000u\000n\000k\000\137\000c\000o\000n\000v\000e\000r\000t\000e\000r\000.\000c\000p\000p\000\040\000F\000i\000l\000e\000\040\000R\000e\000f\000e\000r\000e\000n\000c\000e}{chapter.8}% 172
\BOOKMARK [2][-]{subsection.8.8.1}{\376\377\0008\000.\0008\000.\0001\000\040\000D\000e\000t\000a\000i\000l\000e\000d\000\040\000D\000e\000s\000c\000r\000i\000p\000t\000i\000o\000n}{section.8.8}% 173
\BOOKMARK [2][-]{subsection.8.8.2}{\376\377\0008\000.\0008\000.\0002\000\040\000M\000a\000c\000r\000o\000\040\000D\000e\000f\000i\000n\000i\000t\000i\000o\000n\000\040\000D\000o\000c\000u\000m\000e\000n\000t\000a\000t\000i\000o\000n}{section.8.8}% 174
\BOOKMARK [3][-]{subsubsection.8.8.2.1}{\376\377\0008\000.\0008\000.\0002\000.\0001\000\040\000B\000R\000A\000I\000L\000E\000\137\000C\000H\000U\000N\000K\000X\000\137\000D\000I\000V\000I\000S\000O\000R}{subsection.8.8.2}% 175
\BOOKMARK [3][-]{subsubsection.8.8.2.2}{\376\377\0008\000.\0008\000.\0002\000.\0002\000\040\000B\000R\000A\000I\000L\000E\000\137\000C\000H\000U\000N\000K\000Y\000\137\000D\000I\000V\000I\000S\000O\000R}{subsection.8.8.2}% 176
\BOOKMARK [2][-]{subsection.8.8.3}{\376\377\0008\000.\0008\000.\0003\000\040\000F\000u\000n\000c\000t\000i\000o\000n\000\040\000D\000o\000c\000u\000m\000e\000n\000t\000a\000t\000i\000o\000n}{section.8.8}% 177
\BOOKMARK [3][-]{subsubsection.8.8.3.1}{\376\377\0008\000.\0008\000.\0003\000.\0001\000\040\000g\000e\000t\000\137\000c\000h\000a\000r\000\137\000i\000n\000d\000e\000x\000\050\000\051}{subsection.8.8.3}% 178
\BOOKMARK [1][-]{section.8.9}{\376\377\0008\000.\0009\000\040\000/\000h\000o\000m\000e\000/\000p\000i\000o\000t\000r\000/\000s\000t\000d\000i\000a\000/\000A\000A\000C\000/\000s\000o\000u\000r\000c\000e\000s\000/\000A\000A\000C\000\137\000c\000o\000n\000v\000e\000r\000t\000e\000r\000.\000c\000p\000p\000\040\000F\000i\000l\000e\000\040\000R\000e\000f\000e\000r\000e\000n\000c\000e}{chapter.8}% 179
\BOOKMARK [2][-]{subsection.8.9.1}{\376\377\0008\000.\0009\000.\0001\000\040\000D\000e\000t\000a\000i\000l\000e\000d\000\040\000D\000e\000s\000c\000r\000i\000p\000t\000i\000o\000n}{section.8.9}% 180
\BOOKMARK [1][-]{section.8.10}{\376\377\0008\000.\0001\0000\000\040\000/\000h\000o\000m\000e\000/\000p\000i\000o\000t\000r\000/\000s\000t\000d\000i\000a\000/\000A\000A\000C\000/\000s\000o\000u\000r\000c\000e\000s\000/\000A\000A\000C\000\137\000e\000r\000r\000o\000r\000.\000c\000p\000p\000\040\000F\000i\000l\000e\000\040\000R\000e\000f\000e\000r\000e\000n\000c\000e}{chapter.8}% 181
\BOOKMARK [2][-]{subsection.8.10.1}{\376\377\0008\000.\0001\0000\000.\0001\000\040\000D\000e\000t\000a\000i\000l\000e\000d\000\040\000D\000e\000s\000c\000r\000i\000p\000t\000i\000o\000n}{section.8.10}% 182
\BOOKMARK [1][-]{section.8.11}{\376\377\0008\000.\0001\0001\000\040\000/\000h\000o\000m\000e\000/\000p\000i\000o\000t\000r\000/\000s\000t\000d\000i\000a\000/\000A\000A\000C\000/\000s\000o\000u\000r\000c\000e\000s\000/\000A\000A\000C\000\137\000i\000m\000a\000g\000e\000.\000c\000p\000p\000\040\000F\000i\000l\000e\000\040\000R\000e\000f\000e\000r\000e\000n\000c\000e}{chapter.8}% 183
\BOOKMARK [2][-]{subsection.8.11.1}{\376\377\0008\000.\0001\0001\000.\0001\000\040\000D\000e\000t\000a\000i\000l\000e\000d\000\040\000D\000e\000s\000c\000r\000i\000p\000t\000i\000o\000n}{section.8.11}% 184
\BOOKMARK [2][-]{subsection.8.11.2}{\376\377\0008\000.\0001\0001\000.\0002\000\040\000F\000u\000n\000c\000t\000i\000o\000n\000\040\000D\000o\000c\000u\000m\000e\000n\000t\000a\000t\000i\000o\000n}{section.8.11}% 185
\BOOKMARK [3][-]{subsubsection.8.11.2.1}{\376\377\0008\000.\0001\0001\000.\0002\000.\0001\000\040\000R\000e\000f\000r\000a\000c\000t\000o\000r\000D\000a\000t\000a\000G\000\050\000\051}{subsection.8.11.2}% 186
\BOOKMARK [3][-]{subsubsection.8.11.2.2}{\376\377\0008\000.\0001\0001\000.\0002\000.\0002\000\040\000R\000e\000f\000r\000a\000c\000t\000o\000r\000D\000a\000t\000a\000G\000A\000\050\000\051}{subsection.8.11.2}% 187
\BOOKMARK [3][-]{subsubsection.8.11.2.3}{\376\377\0008\000.\0001\0001\000.\0002\000.\0003\000\040\000R\000e\000f\000r\000a\000c\000t\000o\000r\000D\000a\000t\000a\000R\000G\000B\000\050\000\051}{subsection.8.11.2}% 188
\BOOKMARK [3][-]{subsubsection.8.11.2.4}{\376\377\0008\000.\0001\0001\000.\0002\000.\0004\000\040\000R\000e\000f\000r\000a\000c\000t\000o\000r\000D\000a\000t\000a\000R\000G\000B\000A\000\050\000\051}{subsection.8.11.2}% 189
\BOOKMARK [1][-]{section.8.12}{\376\377\0008\000.\0001\0002\000\040\000/\000h\000o\000m\000e\000/\000p\000i\000o\000t\000r\000/\000s\000t\000d\000i\000a\000/\000A\000A\000C\000/\000s\000o\000u\000r\000c\000e\000s\000/\000A\000A\000C\000\137\000m\000a\000t\000r\000i\000x\000.\000t\000p\000p\000\040\000F\000i\000l\000e\000\040\000R\000e\000f\000e\000r\000e\000n\000c\000e}{chapter.8}% 190
\BOOKMARK [1][-]{section.8.13}{\376\377\0008\000.\0001\0003\000\040\000/\000h\000o\000m\000e\000/\000p\000i\000o\000t\000r\000/\000s\000t\000d\000i\000a\000/\000A\000A\000C\000/\000s\000o\000u\000r\000c\000e\000s\000/\000A\000A\000C\000\137\000p\000i\000x\000e\000l\000.\000c\000p\000p\000\040\000F\000i\000l\000e\000\040\000R\000e\000f\000e\000r\000e\000n\000c\000e}{chapter.8}% 191
\BOOKMARK [2][-]{subsection.8.13.1}{\376\377\0008\000.\0001\0003\000.\0001\000\040\000D\000e\000t\000a\000i\000l\000e\000d\000\040\000D\000e\000s\000c\000r\000i\000p\000t\000i\000o\000n}{section.8.13}% 192
\BOOKMARK [2][-]{subsection.8.13.2}{\376\377\0008\000.\0001\0003\000.\0002\000\040\000F\000u\000n\000c\000t\000i\000o\000n\000\040\000D\000o\000c\000u\000m\000e\000n\000t\000a\000t\000i\000o\000n}{section.8.13}% 193
\BOOKMARK [3][-]{subsubsection.8.13.2.1}{\376\377\0008\000.\0001\0003\000.\0002\000.\0001\000\040\000S\000e\000t\000P\000i\000x\000e\000l\000V\000a\000l\000u\000e\000s\000\050\000\051\000\040\000[\0001\000/\0004\000]}{subsection.8.13.2}% 194
\BOOKMARK [3][-]{subsubsection.8.13.2.2}{\376\377\0008\000.\0001\0003\000.\0002\000.\0002\000\040\000S\000e\000t\000P\000i\000x\000e\000l\000V\000a\000l\000u\000e\000s\000\050\000\051\000\040\000[\0002\000/\0004\000]}{subsection.8.13.2}% 195
\BOOKMARK [3][-]{subsubsection.8.13.2.3}{\376\377\0008\000.\0001\0003\000.\0002\000.\0003\000\040\000S\000e\000t\000P\000i\000x\000e\000l\000V\000a\000l\000u\000e\000s\000\050\000\051\000\040\000[\0003\000/\0004\000]}{subsection.8.13.2}% 196
\BOOKMARK [3][-]{subsubsection.8.13.2.4}{\376\377\0008\000.\0001\0003\000.\0002\000.\0004\000\040\000S\000e\000t\000P\000i\000x\000e\000l\000V\000a\000l\000u\000e\000s\000\050\000\051\000\040\000[\0004\000/\0004\000]}{subsection.8.13.2}% 197
\BOOKMARK [2][-]{subsection.8.13.3}{\376\377\0008\000.\0001\0003\000.\0003\000\040\000V\000a\000r\000i\000a\000b\000l\000e\000\040\000D\000o\000c\000u\000m\000e\000n\000t\000a\000t\000i\000o\000n}{section.8.13}% 198
\BOOKMARK [3][-]{subsubsection.8.13.3.1}{\376\377\0008\000.\0001\0003\000.\0003\000.\0001\000\040\000\137\000p\000i\000x\000e\000l\000\137\000v\000a\000l\000u\000e\000s}{subsection.8.13.3}% 199
\BOOKMARK [0][-]{section*.60}{\376\377\000I\000n\000d\000e\000x}{}% 200
